# project  configured on Mon Jan 20 19:42:54 2020 by
# waf 1.7.11 (abi 98, python 20711f0 on linux2)
# using /home/hmallen/.pebble-sdk/SDKs/current/sdk-core/pebble/waf configure
#
----------------------------------------
Setting top to
/mnt/d/Pebble/dev_folder/SheikahSlate_PebbleWatchface/sheikah_slate
----------------------------------------
Setting out to
/mnt/d/Pebble/dev_folder/SheikahSlate_PebbleWatchface/sheikah_slate/build
----------------------------------------
Checking for program webpack
/home/hmallen/.pebble-sdk/SDKs/current/node_modules/.bin/webpack
find program=['webpack'] paths=['/home/hmallen/.pebble-sdk/SDKs/current/node_modules/.bin'] var='WEBPACK' -> '/home/hmallen/.pebble-sdk/SDKs/current/node_modules/.bin/webpack'
----------------------------------------
Found Pebble SDK for diorite in:
/home/hmallen/.pebble-sdk/SDKs/current/sdk-core/pebble/diorite
----------------------------------------
Checking for program gcc,cc
arm-none-eabi-gcc
find program=['gcc', 'cc'] paths='' var='CC' -> 'arm-none-eabi-gcc'
----------------------------------------
Checking for program ar
arm-none-eabi-ar
find program=['ar'] paths='' var='AR' -> 'arm-none-eabi-ar'
----------------------------------------
Found Pebble SDK for basalt in:
/home/hmallen/.pebble-sdk/SDKs/current/sdk-core/pebble/basalt
----------------------------------------
Checking for program gcc,cc
arm-none-eabi-gcc
find program=['gcc', 'cc'] paths='' var='CC' -> 'arm-none-eabi-gcc'
----------------------------------------
Checking for program ar
arm-none-eabi-ar
find program=['ar'] paths='' var='AR' -> 'arm-none-eabi-ar'
----------------------------------------
Found Pebble SDK for aplite in:
/home/hmallen/.pebble-sdk/SDKs/current/sdk-core/pebble/aplite
----------------------------------------
Checking for program gcc,cc
arm-none-eabi-gcc
find program=['gcc', 'cc'] paths='' var='CC' -> 'arm-none-eabi-gcc'
----------------------------------------
Checking for program ar
arm-none-eabi-ar
find program=['ar'] paths='' var='AR' -> 'arm-none-eabi-ar'
